[2024-10-29T14:33:32.015871+00:00] game_logger.INFO: Nueva partida iniciada entre Carlos y La máquina [] []
[2024-10-29T14:33:32.028503+00:00] game_logger.INFO: El jugador automático 2 hace un movimiento en la columna  [] []
[2024-10-29T14:33:32.032644+00:00] game_logger.INFO: Jugador 2 hace un movimiento en la columna 4 [] []
[2024-10-29T14:33:36.324625+00:00] game_logger.INFO: Jugador 1 hace un movimiento en la columna 3 [] []
[2024-10-29T14:33:36.332843+00:00] game_logger.INFO: El jugador automático 2 hace un movimiento en la columna  [] []
[2024-10-29T14:33:36.334175+00:00] game_logger.INFO: Jugador 2 hace un movimiento en la columna 4 [] []
[2024-10-29T14:33:50.904621+00:00] game_logger.INFO: Jugador 1 hace un movimiento en la columna 4 [] []
[2024-10-29T14:33:50.909702+00:00] game_logger.INFO: El jugador automático 2 hace un movimiento en la columna  [] []
[2024-10-29T14:33:50.917078+00:00] game_logger.INFO: Jugador 2 hace un movimiento en la columna 5 [] []
[2024-10-29T14:33:52.997408+00:00] game_logger.INFO: Jugador 1 hace un movimiento en la columna 4 [] []
[2024-10-29T14:33:53.001846+00:00] game_logger.INFO: El jugador automático 2 hace un movimiento en la columna  [] []
[2024-10-29T14:33:53.003908+00:00] game_logger.INFO: Jugador 2 hace un movimiento en la columna 3 [] []
[2024-10-29T14:33:54.650566+00:00] game_logger.INFO: Jugador 1 hace un movimiento en la columna 4 [] []
[2024-10-29T14:33:54.653394+00:00] game_logger.INFO: El jugador automático 2 hace un movimiento en la columna  [] []
[2024-10-29T14:33:54.654631+00:00] game_logger.INFO: Jugador 2 hace un movimiento en la columna 4 [] []
[2024-10-29T14:33:59.016091+00:00] game_logger.INFO: Jugador 1 hace un movimiento en la columna 5 [] []
[2024-10-29T14:33:59.020755+00:00] game_logger.INFO: El jugador automático 2 hace un movimiento en la columna  [] []
[2024-10-29T14:33:59.023096+00:00] game_logger.INFO: Jugador 2 hace un movimiento en la columna 6 [] []
[2024-10-29T14:34:02.904398+00:00] game_logger.INFO: Jugador 1 hace un movimiento en la columna 7 [] []
[2024-10-29T14:34:02.909063+00:00] game_logger.INFO: El jugador automático 2 hace un movimiento en la columna  [] []
[2024-10-29T14:34:02.913727+00:00] game_logger.INFO: Jugador 2 hace un movimiento en la columna 6 [] []
[2024-10-29T14:34:21.724334+00:00] game_logger.INFO: Jugador 1 hace un movimiento en la columna 2 [] []
[2024-10-29T14:34:21.731292+00:00] game_logger.INFO: El jugador automático 2 hace un movimiento en la columna  [] []
[2024-10-29T14:34:21.733902+00:00] game_logger.INFO: Jugador 2 hace un movimiento en la columna 3 [] []
[2024-10-29T14:34:25.441477+00:00] game_logger.INFO: Jugador 1 hace un movimiento en la columna 3 [] []
[2024-10-29T14:34:25.447372+00:00] game_logger.INFO: El jugador automático 2 hace un movimiento en la columna  [] []
[2024-10-29T14:34:25.449079+00:00] game_logger.INFO: Jugador 2 hace un movimiento en la columna 5 [] []
[2024-10-29T14:34:29.502308+00:00] game_logger.INFO: Jugador 1 hace un movimiento en la columna 5 [] []
[2024-10-29T14:34:29.507372+00:00] game_logger.INFO: El jugador automático 2 hace un movimiento en la columna  [] []
[2024-10-29T14:34:29.522942+00:00] game_logger.INFO: Jugador 2 hace un movimiento en la columna 5 [] []
[2024-10-29T14:35:55.901803+00:00] game_logger.INFO: Jugador 1 hace un movimiento en la columna 3 [] []
[2024-10-29T14:35:55.905320+00:00] game_logger.INFO: El jugador automático 2 hace un movimiento en la columna  [] []
[2024-10-29T14:35:55.908880+00:00] game_logger.INFO: Jugador 2 hace un movimiento en la columna 6 [] []
[2024-10-29T14:35:58.384966+00:00] game_logger.INFO: Jugador 1 hace un movimiento en la columna 6 [] []
[2024-10-29T14:43:02.862466+00:00] game_logger.INFO: Se ha salido del juego [] []
[2024-10-29T14:43:07.047989+00:00] game_logger.INFO: Nueva partida iniciada entre Carlos y La máquina [] []
[2024-10-29T14:43:07.049725+00:00] game_logger.INFO: El jugador automático 2 hace un movimiento [] []
[2024-10-29T14:43:07.050296+00:00] game_logger.INFO: Jugador 2 hace un movimiento en la columna 3 [] []
[2024-10-29T14:43:22.030306+00:00] game_logger.INFO: Jugador 1 hace un movimiento en la columna 2 [] []
[2024-10-29T14:43:22.036921+00:00] game_logger.INFO: El jugador automático 2 hace un movimiento [] []
[2024-10-29T14:43:22.038222+00:00] game_logger.INFO: Jugador 2 hace un movimiento en la columna 3 [] []
[2024-10-29T14:43:22.841693+00:00] game_logger.INFO: Jugador 1 hace un movimiento en la columna 2 [] []
[2024-10-29T14:43:22.845293+00:00] game_logger.INFO: El jugador automático 2 hace un movimiento [] []
[2024-10-29T14:43:22.846176+00:00] game_logger.INFO: Jugador 2 hace un movimiento en la columna 3 [] []
[2024-10-29T14:43:24.208104+00:00] game_logger.INFO: Jugador 1 hace un movimiento en la columna 2 [] []
[2024-10-29T14:43:24.212920+00:00] game_logger.INFO: El jugador automático 2 hace un movimiento [] []
[2024-10-29T14:43:24.213500+00:00] game_logger.INFO: Jugador 2 hace un movimiento en la columna 3 [] []
[2024-10-29T14:43:24.228705+00:00] game_logger.INFO: El jugador 2 ha ganado la partida [] []
[2024-10-29T14:43:32.569559+00:00] game_logger.INFO: Se ha reiniciado el juego [] []
[2024-10-29T14:43:37.255494+00:00] game_logger.INFO: Jugador 1 hace un movimiento en la columna 1 [] []
[2024-10-29T14:43:37.260732+00:00] game_logger.INFO: El jugador automático 2 hace un movimiento [] []
[2024-10-29T14:43:37.262588+00:00] game_logger.INFO: Jugador 2 hace un movimiento en la columna 3 [] []
[2024-10-29T14:43:38.705695+00:00] game_logger.INFO: Jugador 1 hace un movimiento en la columna 3 [] []
[2024-10-29T14:43:38.713434+00:00] game_logger.INFO: El jugador automático 2 hace un movimiento [] []
[2024-10-29T14:43:38.715191+00:00] game_logger.INFO: Jugador 2 hace un movimiento en la columna 4 [] []
[2024-10-29T14:43:40.310676+00:00] game_logger.INFO: Jugador 1 hace un movimiento en la columna 5 [] []
[2024-10-29T14:43:40.315414+00:00] game_logger.INFO: El jugador automático 2 hace un movimiento [] []
[2024-10-29T14:43:40.317742+00:00] game_logger.INFO: Jugador 2 hace un movimiento en la columna 5 [] []
[2024-10-29T14:43:41.464205+00:00] game_logger.INFO: Jugador 1 hace un movimiento en la columna 5 [] []
[2024-10-29T14:43:41.468775+00:00] game_logger.INFO: El jugador automático 2 hace un movimiento [] []
[2024-10-29T14:43:41.470120+00:00] game_logger.INFO: Jugador 2 hace un movimiento en la columna 3 [] []
[2024-10-29T14:43:42.954377+00:00] game_logger.INFO: Jugador 1 hace un movimiento en la columna 5 [] []
[2024-10-29T14:43:42.963757+00:00] game_logger.INFO: El jugador automático 2 hace un movimiento [] []
[2024-10-29T14:43:42.964654+00:00] game_logger.INFO: Jugador 2 hace un movimiento en la columna 3 [] []
[2024-10-29T14:43:44.407818+00:00] game_logger.INFO: Jugador 1 hace un movimiento en la columna 3 [] []
[2024-10-29T14:43:44.413123+00:00] game_logger.INFO: El jugador automático 2 hace un movimiento [] []
[2024-10-29T14:43:44.413957+00:00] game_logger.INFO: Jugador 2 hace un movimiento en la columna 3 [] []
[2024-10-29T14:43:46.631707+00:00] game_logger.ERROR: Columna no valida [] []
[2024-10-29T14:43:53.248196+00:00] game_logger.INFO: Jugador 1 hace un movimiento en la columna 4 [] []
[2024-10-29T14:43:53.255367+00:00] game_logger.INFO: El jugador automático 2 hace un movimiento [] []
[2024-10-29T14:43:53.257760+00:00] game_logger.INFO: Jugador 2 hace un movimiento en la columna 5 [] []
[2024-10-29T14:43:57.062899+00:00] game_logger.INFO: Jugador 1 hace un movimiento en la columna 2 [] []
[2024-10-29T14:43:57.070925+00:00] game_logger.INFO: El jugador automático 2 hace un movimiento [] []
[2024-10-29T14:43:57.073618+00:00] game_logger.INFO: Jugador 2 hace un movimiento en la columna 4 [] []
[2024-10-29T14:44:01.070967+00:00] game_logger.INFO: Jugador 1 hace un movimiento en la columna 6 [] []
[2024-10-29T14:44:01.076081+00:00] game_logger.INFO: El jugador automático 2 hace un movimiento [] []
[2024-10-29T14:44:01.078708+00:00] game_logger.INFO: Jugador 2 hace un movimiento en la columna 6 [] []
[2024-10-29T14:44:04.183435+00:00] game_logger.INFO: Jugador 1 hace un movimiento en la columna 6 [] []
[2024-10-29T14:44:04.191207+00:00] game_logger.INFO: El jugador automático 2 hace un movimiento [] []
[2024-10-29T14:44:04.192753+00:00] game_logger.INFO: Jugador 2 hace un movimiento en la columna 4 [] []
[2024-10-29T14:44:06.923382+00:00] game_logger.INFO: Jugador 1 hace un movimiento en la columna 4 [] []
[2024-10-29T14:44:06.926915+00:00] game_logger.INFO: El jugador automático 2 hace un movimiento [] []
[2024-10-29T14:44:06.927840+00:00] game_logger.INFO: Jugador 2 hace un movimiento en la columna 2 [] []
[2024-10-29T14:44:06.928994+00:00] game_logger.INFO: El jugador 2 ha ganado la partida [] []
[2024-10-29T14:44:20.797005+00:00] game_logger.INFO: Se ha salido del juego [] []
[2024-10-29T14:47:54.674154+00:00] game_logger.INFO: Nueva partida iniciada entre Carlos y La máquina [] []
[2024-10-29T14:47:54.678015+00:00] game_logger.INFO: El jugador automático 2 hace un movimiento [] []
[2024-10-29T14:47:54.679050+00:00] game_logger.INFO: Jugador 2 hace un movimiento en la columna 3 [] []
[2024-10-29T14:48:12.615468+00:00] game_logger.INFO: Jugador 1 hace un movimiento en la columna 3 [] []
[2024-10-29T14:48:12.617598+00:00] game_logger.INFO: El jugador automático 2 hace un movimiento [] []
[2024-10-29T14:48:12.618456+00:00] game_logger.INFO: Jugador 2 hace un movimiento en la columna 4 [] []
[2024-10-29T14:48:12.920197+00:00] game_logger.INFO: Jugador 1 hace un movimiento en la columna 3 [] []
[2024-10-29T14:48:12.922861+00:00] game_logger.INFO: El jugador automático 2 hace un movimiento [] []
[2024-10-29T14:48:12.923488+00:00] game_logger.INFO: Jugador 2 hace un movimiento en la columna 5 [] []
[2024-10-29T14:48:14.469921+00:00] game_logger.INFO: Jugador 1 hace un movimiento en la columna 6 [] []
[2024-10-29T14:48:14.475287+00:00] game_logger.INFO: El jugador automático 2 hace un movimiento [] []
[2024-10-29T14:48:14.477388+00:00] game_logger.INFO: Jugador 2 hace un movimiento en la columna 2 [] []
[2024-10-29T14:48:14.479187+00:00] game_logger.INFO: El jugador 2 ha ganado la partida [] []
[2024-10-29T14:48:17.272386+00:00] game_logger.INFO: Se ha reiniciado el juego [] []
[2024-10-29T14:48:17.276132+00:00] game_logger.INFO: El jugador automático 2 hace un movimiento [] []
[2024-10-29T14:48:17.277524+00:00] game_logger.INFO: Jugador 2 hace un movimiento en la columna 5 [] []
